<?xml version="1.0" encoding="UTF-8"?>
<!-- Generated by org.testng.reporters.JUnitXMLReporter -->
<testsuite hostname="manipanjala-PC" ignored="0" tests="4" failures="0" timestamp="01 Apr 2019 17:47:46 GMT" time="0.062" errors="0">
  <testcase name="amethod" time="0.016" classname="Priortization"/>
  <testcase name="bmethod" time="0.015" classname="Priortization"/>
  <testcase name="cmethod" time="0.0" classname="Priortization"/>
  <testcase name="dmethod" time="0.0" classname="Priortization"/>
</testsuite>
